[21:33:27] [Client thread/INFO]: Setting user: zz
[21:33:28] [Client thread/WARN]: Skipping bad option: lastServer:
[21:33:28] [Client thread/INFO]: LWJGL Version: 2.9.4
[21:33:28] [Client thread/INFO]: Reloading ResourceManager: Default
[21:33:29] [Sound Library Loader/INFO]: Starting up SoundSystem...
[21:33:29] [Thread-3/INFO]: Initializing LWJGL OpenAL
[21:33:29] [Thread-3/INFO]: (The LWJGL binding of OpenAL.  For more information, see http://www.lwjgl.org)
[21:33:29] [Thread-3/INFO]: OpenAL initialized.
[21:33:29] [Sound Library Loader/INFO]: Sound engine started
[21:33:32] [Client thread/INFO]: Created: 1024x512 textures-atlas
[21:33:33] [Client thread/INFO]: Narrator library for x64 successfully loaded
[21:33:34] [Realms Notification Availability checker #1/INFO]: Could not authorize you against Realms server: Invalid session id
[21:33:42] [Server thread/INFO]: Starting integrated minecraft server version 1.12.2
[21:33:42] [Server thread/INFO]: Generating keypair
[21:33:42] [Server thread/INFO]: Loaded 488 advancements
[21:33:42] [Server thread/INFO]: Preparing start region for level 0
[21:33:43] [Server thread/INFO]: Changing view distance to 12, from 10
[21:33:43] [Server thread/INFO]: zz[local:E:5193eabf] logged in with entity id 270 at (371.085183121447, 63.0, 249.37284816121814)
[21:33:43] [Server thread/INFO]: zz加入了游戏
[21:33:44] [Server thread/INFO]: Saving and pausing game...
[21:33:44] [Server thread/INFO]: Saving chunks for level '新的世界'/overworld
[21:33:44] [Client thread/INFO]: Loaded 7 advancements
[21:33:44] [Server thread/INFO]: Saving chunks for level '新的世界'/the_nether
[21:33:44] [Server thread/INFO]: Saving chunks for level '新的世界'/the_end
[21:33:44] [Server thread/INFO]: Saving and pausing game...
[21:33:44] [Server thread/INFO]: Saving chunks for level '新的世界'/overworld
[21:33:45] [Server thread/INFO]: Saving chunks for level '新的世界'/the_nether
[21:33:45] [Server thread/INFO]: Saving chunks for level '新的世界'/the_end
[21:35:36] [Server thread/INFO]: Saving and pausing game...
[21:35:36] [Server thread/INFO]: Saving chunks for level '新的世界'/overworld
[21:35:36] [Server thread/INFO]: Saving chunks for level '新的世界'/the_nether
[21:35:36] [Server thread/INFO]: Saving chunks for level '新的世界'/the_end
[21:37:17] [Server thread/INFO]: Saving and pausing game...
[21:37:17] [Server thread/INFO]: Saving chunks for level '新的世界'/overworld
[21:37:17] [Server thread/INFO]: Saving chunks for level '新的世界'/the_nether
[21:37:17] [Server thread/INFO]: Saving chunks for level '新的世界'/the_end
[21:37:20] [Client thread/INFO]: Stopping!
[21:37:20] [Client thread/INFO]: SoundSystem shutting down...
[21:37:20] [Server thread/INFO]: Stopping server
[21:37:20] [Server thread/INFO]: Saving players
[21:37:20] [Server thread/INFO]: Saving worlds
[21:37:20] [Server thread/INFO]: Saving chunks for level '新的世界'/overworld
[21:37:20] [Server thread/INFO]: Saving chunks for level '新的世界'/the_nether
[21:37:20] [Server thread/INFO]: Saving chunks for level '新的世界'/the_end
[21:37:20] [Client thread/WARN]: Author: Paul Lamb, www.paulscode.com
